Arguments: 
  /usr/local/Cellar/node/9.8.0/bin/node /usr/local/Cellar/yarn/1.5.1_1/libexec/bin/yarn.js start

PATH: 
  /Users/arturpokusin/anaconda3/bin:/Users/arturpokusin/.yarn/bin:/usr/local/Caskroom/google-cloud-sdk/latest/google-cloud-sdk/bin:/usr/local/bin:/usr/bin:/bin:/usr/sbin:/sbin:/usr/local/go/bin:/Applications/Wireshark.app/Contents/MacOS:/Users/arturpokusin/anaconda3/bin:/Users/arturpokusin/.yarn/bin:/usr/local/Caskroom/google-cloud-sdk/latest/google-cloud-sdk/bin:/Users/arturpokusin/usr/bin:/Users/arturpokusin/Dev Workshop/go/bin:/Users/arturpokusin/Library/Android/sdk/platform-tools:/Users/arturpokusin/usr/bin:/usr/local/bin:/usr/local/go/bin:/Users/arturpokusin/Dev Workshop/go/bin:/Users/arturpokusin/Library/Android/sdk/platform-tools

Yarn version: 
  1.5.1

Node version: 
  9.8.0

Platform: 
  darwin x64

npm manifest: 
  No manifest

yarn manifest: 
  No manifest

Lockfile: 
  No lockfile

Trace: 
  Error: Couldn't find a package.json file in "/Users/arturpokusin/dev/apokusin.github.com"
      at new MessageError (/usr/local/Cellar/yarn/1.5.1_1/libexec/lib/cli.js:186:110)
      at /usr/local/Cellar/yarn/1.5.1_1/libexec/lib/cli.js:40048:15
      at Generator.next (<anonymous>)
      at step (/usr/local/Cellar/yarn/1.5.1_1/libexec/lib/cli.js:98:30)
      at /usr/local/Cellar/yarn/1.5.1_1/libexec/lib/cli.js:109:13
      at <anonymous>
